<?xml version="1.0" encoding="UTF-8"?>
<!-- Generated by org.testng.reporters.JUnitReportReporter -->
<testsuite hostname="ADMINRG-8TM2G52" name="com.qa.POJO.pojoTest" tests="1" failures="0" timestamp="29 Aug 2021 18:23:06 GMT" time="7.797" errors="0">
  <testcase name="readFile" time="7.797" classname="com.qa.POJO.pojoTest"/>
</testsuite> <!-- com.qa.POJO.pojoTest -->
