<?xml version="1.0" encoding="UTF-8"?>
<!-- Generated by org.testng.reporters.JUnitReportReporter -->
<testsuite hostname="ADMINRG-8TM2G52" name="ReqResAPIAutomation.validataeHeaders" tests="1" failures="0" timestamp="29 Aug 2021 18:04:29 GMT" time="0.311" errors="0">
  <testcase name="readFile" time="0.311" classname="ReqResAPIAutomation.validataeHeaders"/>
</testsuite> <!-- ReqResAPIAutomation.validataeHeaders -->
