<?xml version="1.0" encoding="UTF-8"?>
<!-- Generated by org.testng.reporters.JUnitReportReporter -->
<testsuite hostname="ADMINRG-8TM2G52" name="SerialiazablePOJO.serialiazablePostTest" tests="1" failures="0" timestamp="30 Aug 2021 10:15:45 GMT" time="5.224" errors="0">
  <testcase name="postTest" time="5.224" classname="SerialiazablePOJO.serialiazablePostTest"/>
</testsuite> <!-- SerialiazablePOJO.serialiazablePostTest -->
