<?xml version="1.0" encoding="UTF-8"?>
<!-- Generated by org.testng.reporters.JUnitReportReporter -->
<testsuite hostname="ADMINRG-8TM2G52" name="ReqResAPIAutomation.firstDataTest" tests="4" failures="0" timestamp="28 Aug 2021 15:07:49 GMT" time="0.865" errors="0">
  <testcase name="lastName" time="0.027" classname="ReqResAPIAutomation.firstDataTest"/>
  <testcase name="firstEmailTest" time="0.772" classname="ReqResAPIAutomation.firstDataTest"/>
  <testcase name="firstName" time="0.033" classname="ReqResAPIAutomation.firstDataTest"/>
  <testcase name="pageTest" time="0.033" classname="ReqResAPIAutomation.firstDataTest"/>
</testsuite> <!-- ReqResAPIAutomation.firstDataTest -->
